<?xml version="1.0" encoding="UTF-8"?>
<testng-results ignored="0" total="1" passed="1" failed="0" skipped="0">
  <reporter-output>
  </reporter-output>
  <suite started-at="2023-03-14T09:30:07 IST" name="Default suite" finished-at="2023-03-14T09:30:07 IST" duration-ms="70">
    <groups>
    </groups>
    <test started-at="2023-03-14T09:30:07 IST" name="Default test" finished-at="2023-03-14T09:30:07 IST" duration-ms="70">
      <class name="ustbatchno3.TestNG.Vishwasamudratest">
        <test-method signature="vishwatest()[pri:0, instance:ustbatchno3.TestNG.Vishwasamudratest@34b7ac2f]" started-at="2023-03-14T09:30:07 IST" name="vishwatest" finished-at="2023-03-14T09:30:07 IST" duration-ms="18" status="PASS">
          <reporter-output>
          </reporter-output>
        </test-method> <!-- vishwatest -->
      </class> <!-- ustbatchno3.TestNG.Vishwasamudratest -->
    </test> <!-- Default test -->
  </suite> <!-- Default suite -->
</testng-results>
